<?xml version="1.0" encoding="UTF-8"?>
<!-- Generated by org.testng.reporters.JUnitReportReporter -->
<testsuite skipped="0" hostname="DESKTOP-A4AIJI3" name="com.rally.automation.TeamPlanningTest" tests="4" failures="0" timestamp="09 Feb 2019 11:14:39 GMT" time="4.998" errors="0">
  <testcase name="enterAddNew" time="2.164" classname="com.rally.automation.TeamPlanningTest"/>
  <testcase name="enteringManageIter" time="0.466" classname="com.rally.automation.TeamPlanningTest"/>
  <testcase name="enteringname" time="0.279" classname="com.rally.automation.TeamPlanningTest"/>
  <testcase name="enteringStartDate" time="2.089" classname="com.rally.automation.TeamPlanningTest"/>
</testsuite> <!-- com.rally.automation.TeamPlanningTest -->
