<?xml version="1.0" encoding="UTF-8"?>
<!-- Generated by org.testng.reporters.JUnitReportReporter -->
<testsuite skipped="0" hostname="rohith" name="com.rally.automation.TeamBoardPageTest" tests="4" failures="0" timestamp="09 Feb 2019 13:33:30 GMT" time="2.397" errors="0">
  <testcase name="sideBar" time="0.248" classname="com.rally.automation.TeamBoardPageTest"/>
  <testcase name="teamBoardPage" time="0.481" classname="com.rally.automation.TeamBoardPageTest"/>
  <testcase name="newButton" time="1.474" classname="com.rally.automation.TeamBoardPageTest"/>
  <testcase name="definedTypes" time="0.194" classname="com.rally.automation.TeamBoardPageTest"/>
</testsuite> <!-- com.rally.automation.TeamBoardPageTest -->
