<?xml version="1.0" encoding="UTF-8"?>
<!-- Generated by org.testng.reporters.JUnitReportReporter -->
<testsuite skipped="0" hostname="LAPTOP-MFLTIUH2" name="com.rally.automation.LoginPageTest" tests="4" failures="0" timestamp="11 Feb 2019 22:27:29 GMT" time="0.809" errors="0">
  <testcase name="userEmailIdTest" time="0.223" classname="com.rally.automation.LoginPageTest"/>
  <testcase name="userPasswordTest" time="0.105" classname="com.rally.automation.LoginPageTest"/>
  <testcase name="doLoginTest" time="0.461" classname="com.rally.automation.LoginPageTest"/>
  <testcase name="getPageTitleTest" time="0.020" classname="com.rally.automation.LoginPageTest"/>
</testsuite> <!-- com.rally.automation.LoginPageTest -->
